Started GET "/" for 127.0.0.1 at 2024-10-07 22:28:20 -0500
  [1m[35m (4.5ms)[0m  [1m[35mCREATE TABLE "schema_migrations" ("version" varchar NOT NULL PRIMARY KEY)[0m
  [1m[35m (0.2ms)[0m  [1m[35mCREATE TABLE "ar_internal_metadata" ("key" varchar NOT NULL PRIMARY KEY, "value" varchar, "created_at" datetime(6) NOT NULL, "updated_at" datetime(6) NOT NULL)[0m
  [1m[36mActiveRecord::SchemaMigration Load (0.2ms)[0m  [1m[34mSELECT "schema_migrations"."version" FROM "schema_migrations" ORDER BY "schema_migrations"."version" ASC[0m
Processing by Rails::WelcomeController#index as HTML
  Rendering /home/jwu7/.rbenv/versions/3.1.2/lib/ruby/gems/3.1.0/gems/railties-7.2.1/lib/rails/templates/rails/welcome/index.html.erb
  Rendered /home/jwu7/.rbenv/versions/3.1.2/lib/ruby/gems/3.1.0/gems/railties-7.2.1/lib/rails/templates/rails/welcome/index.html.erb (Duration: 1.2ms | GC: 0.0ms)
Completed 200 OK in 62ms (Views: 18.3ms | ActiveRecord: 0.0ms (0 queries, 0 cached) | GC: 14.1ms)


Started GET "/" for 127.0.0.1 at 2024-10-07 22:34:55 -0500
Processing by Rails::WelcomeController#index as HTML
  Rendering /home/jwu7/.rbenv/versions/3.1.2/lib/ruby/gems/3.1.0/gems/railties-7.2.1/lib/rails/templates/rails/welcome/index.html.erb
  Rendered /home/jwu7/.rbenv/versions/3.1.2/lib/ruby/gems/3.1.0/gems/railties-7.2.1/lib/rails/templates/rails/welcome/index.html.erb (Duration: 1.5ms | GC: 0.0ms)
Completed 200 OK in 6ms (Views: 3.2ms | ActiveRecord: 0.0ms (0 queries, 0 cached) | GC: 0.6ms)


Started GET "/" for 127.0.0.1 at 2024-10-07 22:34:57 -0500
Processing by Rails::WelcomeController#index as HTML
  Rendering /home/jwu7/.rbenv/versions/3.1.2/lib/ruby/gems/3.1.0/gems/railties-7.2.1/lib/rails/templates/rails/welcome/index.html.erb
  Rendered /home/jwu7/.rbenv/versions/3.1.2/lib/ruby/gems/3.1.0/gems/railties-7.2.1/lib/rails/templates/rails/welcome/index.html.erb (Duration: 0.3ms | GC: 0.0ms)
Completed 200 OK in 2ms (Views: 0.8ms | ActiveRecord: 0.0ms (0 queries, 0 cached) | GC: 0.0ms)


Started GET "/" for 127.0.0.1 at 2024-10-07 22:34:58 -0500
Processing by Rails::WelcomeController#index as HTML
  Rendering /home/jwu7/.rbenv/versions/3.1.2/lib/ruby/gems/3.1.0/gems/railties-7.2.1/lib/rails/templates/rails/welcome/index.html.erb
  Rendered /home/jwu7/.rbenv/versions/3.1.2/lib/ruby/gems/3.1.0/gems/railties-7.2.1/lib/rails/templates/rails/welcome/index.html.erb (Duration: 0.6ms | GC: 0.0ms)
Completed 200 OK in 2ms (Views: 1.4ms | ActiveRecord: 0.0ms (0 queries, 0 cached) | GC: 0.0ms)


Started GET "/articles" for 127.0.0.1 at 2024-10-07 22:35:03 -0500
Processing by ArticlesController#index as HTML
  Rendering layout layouts/application.html.erb
  Rendering articles/index.html.erb within layouts/application
  Rendered articles/index.html.erb within layouts/application (Duration: 0.6ms | GC: 0.0ms)
  Rendered layout layouts/application.html.erb (Duration: 365.8ms | GC: 102.8ms)
Completed 200 OK in 388ms (Views: 369.9ms | ActiveRecord: 0.0ms (0 queries, 0 cached) | GC: 104.5ms)


Started GET "/manifest.json" for 127.0.0.1 at 2024-10-07 22:35:04 -0500
Processing by Rails::PwaController#manifest as JSON
  Rendering pwa/manifest.json.erb
  Rendered pwa/manifest.json.erb (Duration: 1.0ms | GC: 0.0ms)
Completed 200 OK in 5ms (Views: 3.5ms | ActiveRecord: 0.0ms (0 queries, 0 cached) | GC: 0.4ms)


Started GET "/articles" for 127.0.0.1 at 2024-10-07 22:36:04 -0500
Processing by ArticlesController#index as HTML
  Rendering layout layouts/application.html.erb
  Rendering articles/index.html.erb within layouts/application
  Rendered articles/index.html.erb within layouts/application (Duration: 0.5ms | GC: 0.0ms)
  Rendered layout layouts/application.html.erb (Duration: 22.4ms | GC: 5.2ms)
Completed 200 OK in 26ms (Views: 24.4ms | ActiveRecord: 0.0ms (0 queries, 0 cached) | GC: 5.2ms)


Started GET "/manifest.json" for 127.0.0.1 at 2024-10-07 22:36:05 -0500
Processing by Rails::PwaController#manifest as JSON
  Rendering pwa/manifest.json.erb
  Rendered pwa/manifest.json.erb (Duration: 0.7ms | GC: 0.0ms)
Completed 200 OK in 13ms (Views: 12.0ms | ActiveRecord: 0.0ms (0 queries, 0 cached) | GC: 0.0ms)


Started GET "/" for 127.0.0.1 at 2024-10-07 22:36:07 -0500
Processing by ArticlesController#index as HTML
  Rendering layout layouts/application.html.erb
  Rendering articles/index.html.erb within layouts/application
  Rendered articles/index.html.erb within layouts/application (Duration: 0.1ms | GC: 0.0ms)
  Rendered layout layouts/application.html.erb (Duration: 3.3ms | GC: 0.1ms)
Completed 200 OK in 5ms (Views: 3.9ms | ActiveRecord: 0.0ms (0 queries, 0 cached) | GC: 0.1ms)


Started GET "/manifest.json" for 127.0.0.1 at 2024-10-07 22:36:07 -0500
Processing by Rails::PwaController#manifest as JSON
  Rendering pwa/manifest.json.erb
  Rendered pwa/manifest.json.erb (Duration: 0.4ms | GC: 0.0ms)
Completed 200 OK in 2ms (Views: 1.3ms | ActiveRecord: 0.0ms (0 queries, 0 cached) | GC: 0.0ms)


  [1m[36mActiveRecord::InternalMetadata Load (0.8ms)[0m  [1m[34mSELECT * FROM "ar_internal_metadata" WHERE "ar_internal_metadata"."key" = ? ORDER BY "ar_internal_metadata"."key" ASC LIMIT 1[0m  [[nil, "environment"]]
  [1m[36mActiveRecord::InternalMetadata Create (6.0ms)[0m  [1m[32mINSERT INTO "ar_internal_metadata" ("key", "value", "created_at", "updated_at") VALUES ('environment', 'development', '2024-10-08 03:40:36.768656', '2024-10-08 03:40:36.768660') RETURNING "key"[0m
  [1m[36mActiveRecord::SchemaMigration Load (0.1ms)[0m  [1m[34mSELECT "schema_migrations"."version" FROM "schema_migrations" ORDER BY "schema_migrations"."version" ASC[0m
Migrating to CreateArticles (20241008033817)
  [1m[36mTRANSACTION (0.1ms)[0m  [1m[36mbegin transaction[0m
  [1m[35m (2.0ms)[0m  [1m[35mCREATE TABLE "articles" ("id" integer PRIMARY KEY AUTOINCREMENT NOT NULL, "title" varchar, "body" text, "created_at" datetime(6) NOT NULL, "updated_at" datetime(6) NOT NULL)[0m
  [1m[36mActiveRecord::SchemaMigration Create (0.4ms)[0m  [1m[32mINSERT INTO "schema_migrations" ("version") VALUES ('20241008033817') RETURNING "version"[0m
  [1m[36mTRANSACTION (0.1ms)[0m  [1m[36mcommit transaction[0m
  [1m[36mActiveRecord::SchemaMigration Load (0.0ms)[0m  [1m[34mSELECT "schema_migrations"."version" FROM "schema_migrations" ORDER BY "schema_migrations"."version" ASC[0m
  [1m[36mTRANSACTION (0.1ms)[0m  [1m[36mbegin transaction[0m
  [1m[36mArticle Create (0.7ms)[0m  [1m[32mINSERT INTO "articles" ("title", "body", "created_at", "updated_at") VALUES (?, ?, ?, ?) RETURNING "id"[0m  [["title", "Hello Rails"], ["body", "I am on Rails!"], ["created_at", "2024-10-08 03:42:01.161516"], ["updated_at", "2024-10-08 03:42:01.161516"]]
  [1m[36mTRANSACTION (0.3ms)[0m  [1m[36mcommit transaction[0m
  [1m[36mArticle Load (0.2ms)[0m  [1m[34mSELECT "articles".* FROM "articles" WHERE "articles"."id" = ? LIMIT ?[0m  [["id", 1], ["LIMIT", 1]]
  [1m[36mArticle Load (0.3ms)[0m  [1m[34mSELECT "articles".* FROM "articles" /* loading for pp */ LIMIT ?[0m  [["LIMIT", 11]]
Started GET "/" for 127.0.0.1 at 2024-10-07 22:47:12 -0500
  [1m[36mActiveRecord::SchemaMigration Load (0.1ms)[0m  [1m[34mSELECT "schema_migrations"."version" FROM "schema_migrations" ORDER BY "schema_migrations"."version" ASC[0m
Processing by ArticlesController#index as HTML
  Rendering layout layouts/application.html.erb
  Rendering articles/index.html.erb within layouts/application
  [1m[36mArticle Load (1.0ms)[0m  [1m[34mSELECT "articles".* FROM "articles"[0m
  ↳ app/views/articles/index.html.erb:4
  Rendered articles/index.html.erb within layouts/application (Duration: 9.3ms | GC: 0.6ms)
  Rendered layout layouts/application.html.erb (Duration: 22.9ms | GC: 2.3ms)
Completed 200 OK in 44ms (Views: 29.7ms | ActiveRecord: 1.6ms (1 query, 0 cached) | GC: 10.0ms)


Started GET "/manifest.json" for 127.0.0.1 at 2024-10-07 22:47:13 -0500
Processing by Rails::PwaController#manifest as JSON
  Rendering pwa/manifest.json.erb
  Rendered pwa/manifest.json.erb (Duration: 2.1ms | GC: 0.0ms)
Completed 200 OK in 9ms (Views: 7.9ms | ActiveRecord: 0.0ms (0 queries, 0 cached) | GC: 0.3ms)


Started GET "/articles/1" for 127.0.0.1 at 2024-10-07 22:49:09 -0500
  
AbstractController::ActionNotFound (The action 'show' could not be found for ArticlesController):
  
actionpack (7.2.1) lib/abstract_controller/base.rb:158:in `process'
actionview (7.2.1) lib/action_view/rendering.rb:40:in `process'
actionpack (7.2.1) lib/action_controller/metal.rb:252:in `dispatch'
actionpack (7.2.1) lib/action_controller/metal.rb:335:in `dispatch'
actionpack (7.2.1) lib/action_dispatch/routing/route_set.rb:67:in `dispatch'
actionpack (7.2.1) lib/action_dispatch/routing/route_set.rb:50:in `serve'
actionpack (7.2.1) lib/action_dispatch/journey/router.rb:53:in `block in serve'
actionpack (7.2.1) lib/action_dispatch/journey/router.rb:133:in `block in find_routes'
actionpack (7.2.1) lib/action_dispatch/journey/router.rb:126:in `each'
actionpack (7.2.1) lib/action_dispatch/journey/router.rb:126:in `find_routes'
actionpack (7.2.1) lib/action_dispatch/journey/router.rb:34:in `serve'
actionpack (7.2.1) lib/action_dispatch/routing/route_set.rb:896:in `call'
rack (3.1.7) lib/rack/tempfile_reaper.rb:20:in `call'
rack (3.1.7) lib/rack/etag.rb:29:in `call'
rack (3.1.7) lib/rack/conditional_get.rb:31:in `call'
rack (3.1.7) lib/rack/head.rb:15:in `call'
actionpack (7.2.1) lib/action_dispatch/http/permissions_policy.rb:38:in `call'
actionpack (7.2.1) lib/action_dispatch/http/content_security_policy.rb:36:in `call'
rack-session (2.0.0) lib/rack/session/abstract/id.rb:272:in `context'
rack-session (2.0.0) lib/rack/session/abstract/id.rb:266:in `call'
actionpack (7.2.1) lib/action_dispatch/middleware/cookies.rb:704:in `call'
activerecord (7.2.1) lib/active_record/migration.rb:674:in `call'
actionpack (7.2.1) lib/action_dispatch/middleware/callbacks.rb:31:in `block in call'
activesupport (7.2.1) lib/active_support/callbacks.rb:101:in `run_callbacks'
actionpack (7.2.1) lib/action_dispatch/middleware/callbacks.rb:30:in `call'
actionpack (7.2.1) lib/action_dispatch/middleware/executor.rb:16:in `call'
actionpack (7.2.1) lib/action_dispatch/middleware/actionable_exceptions.rb:18:in `call'
actionpack (7.2.1) lib/action_dispatch/middleware/debug_exceptions.rb:31:in `call'
web-console (4.2.1) lib/web_console/middleware.rb:132:in `call_app'
web-console (4.2.1) lib/web_console/middleware.rb:28:in `block in call'
web-console (4.2.1) lib/web_console/middleware.rb:17:in `catch'
web-console (4.2.1) lib/web_console/middleware.rb:17:in `call'
actionpack (7.2.1) lib/action_dispatch/middleware/show_exceptions.rb:32:in `call'
railties (7.2.1) lib/rails/rack/logger.rb:41:in `call_app'
railties (7.2.1) lib/rails/rack/logger.rb:29:in `call'
sprockets-rails (3.5.2) lib/sprockets/rails/quiet_assets.rb:17:in `call'
actionpack (7.2.1) lib/action_dispatch/middleware/remote_ip.rb:96:in `call'
actionpack (7.2.1) lib/action_dispatch/middleware/request_id.rb:33:in `call'
rack (3.1.7) lib/rack/method_override.rb:28:in `call'
rack (3.1.7) lib/rack/runtime.rb:24:in `call'
activesupport (7.2.1) lib/active_support/cache/strategy/local_cache_middleware.rb:29:in `call'
actionpack (7.2.1) lib/action_dispatch/middleware/server_timing.rb:61:in `block in call'
actionpack (7.2.1) lib/action_dispatch/middleware/server_timing.rb:26:in `collect_events'
actionpack (7.2.1) lib/action_dispatch/middleware/server_timing.rb:60:in `call'
actionpack (7.2.1) lib/action_dispatch/middleware/executor.rb:16:in `call'
actionpack (7.2.1) lib/action_dispatch/middleware/static.rb:27:in `call'
rack (3.1.7) lib/rack/sendfile.rb:114:in `call'
actionpack (7.2.1) lib/action_dispatch/middleware/host_authorization.rb:143:in `call'
railties (7.2.1) lib/rails/engine.rb:535:in `call'
puma (6.4.2) lib/puma/configuration.rb:272:in `call'
puma (6.4.2) lib/puma/request.rb:100:in `block in handle_request'
puma (6.4.2) lib/puma/thread_pool.rb:378:in `with_force_shutdown'
puma (6.4.2) lib/puma/request.rb:99:in `handle_request'
puma (6.4.2) lib/puma/server.rb:464:in `process_client'
puma (6.4.2) lib/puma/server.rb:245:in `block in run'
puma (6.4.2) lib/puma/thread_pool.rb:155:in `block in spawn_thread'
Started GET "/articles/1" for 127.0.0.1 at 2024-10-07 22:53:52 -0500
Processing by ArticlesController#show as HTML
  Parameters: {"id"=>"1"}
  [1m[36mArticle Load (0.1ms)[0m  [1m[34mSELECT "articles".* FROM "articles" WHERE "articles"."id" = ? LIMIT ?[0m  [["id", 1], ["LIMIT", 1]]
  ↳ app/controllers/articles_controller.rb:7:in `show'
  Rendering layout layouts/application.html.erb
  Rendering articles/show.html.erb within layouts/application
  Rendered articles/show.html.erb within layouts/application (Duration: 0.6ms | GC: 0.0ms)
  Rendered layout layouts/application.html.erb (Duration: 14.4ms | GC: 0.0ms)
Completed 200 OK in 28ms (Views: 16.0ms | ActiveRecord: 1.8ms (1 query, 0 cached) | GC: 0.2ms)


Started GET "/manifest.json" for 127.0.0.1 at 2024-10-07 22:53:52 -0500
Processing by Rails::PwaController#manifest as JSON
  Rendering pwa/manifest.json.erb
  Rendered pwa/manifest.json.erb (Duration: 0.5ms | GC: 0.0ms)
Completed 200 OK in 3ms (Views: 1.9ms | ActiveRecord: 0.0ms (0 queries, 0 cached) | GC: 0.0ms)


Started GET "/articles/1" for 127.0.0.1 at 2024-10-07 22:58:28 -0500
Processing by ArticlesController#show as HTML
  Parameters: {"id"=>"1"}
  [1m[36mArticle Load (0.1ms)[0m  [1m[34mSELECT "articles".* FROM "articles" WHERE "articles"."id" = ? LIMIT ?[0m  [["id", 1], ["LIMIT", 1]]
  ↳ app/controllers/articles_controller.rb:7:in `show'
  Rendering layout layouts/application.html.erb
  Rendering articles/show.html.erb within layouts/application
  Rendered articles/show.html.erb within layouts/application (Duration: 0.6ms | GC: 0.0ms)
  Rendered layout layouts/application.html.erb (Duration: 13.7ms | GC: 0.0ms)
Completed 200 OK in 25ms (Views: 15.2ms | ActiveRecord: 1.3ms (1 query, 0 cached) | GC: 0.0ms)


Started GET "/manifest.json" for 127.0.0.1 at 2024-10-07 22:58:28 -0500
Processing by Rails::PwaController#manifest as JSON
  Rendering pwa/manifest.json.erb
  Rendered pwa/manifest.json.erb (Duration: 1.8ms | GC: 0.0ms)
Completed 200 OK in 11ms (Views: 10.4ms | ActiveRecord: 0.0ms (0 queries, 0 cached) | GC: 0.0ms)


Started GET "/manifest.json" for 127.0.0.1 at 2024-10-07 22:58:32 -0500
Processing by Rails::PwaController#manifest as JSON
  Rendering pwa/manifest.json.erb
  Rendered pwa/manifest.json.erb (Duration: 0.4ms | GC: 0.0ms)
Completed 200 OK in 4ms (Views: 3.0ms | ActiveRecord: 0.0ms (0 queries, 0 cached) | GC: 0.0ms)


Started GET "/articles" for 127.0.0.1 at 2024-10-07 22:58:36 -0500
Processing by ArticlesController#index as HTML
  Rendering layout layouts/application.html.erb
  Rendering articles/index.html.erb within layouts/application
  [1m[36mArticle Load (0.2ms)[0m  [1m[34mSELECT "articles".* FROM "articles"[0m
  ↳ app/views/articles/index.html.erb:4
  Rendered articles/index.html.erb within layouts/application (Duration: 3.3ms | GC: 0.0ms)
  Rendered layout layouts/application.html.erb (Duration: 5.3ms | GC: 0.0ms)
Completed 200 OK in 8ms (Views: 5.9ms | ActiveRecord: 0.2ms (1 query, 0 cached) | GC: 0.0ms)


Started GET "/manifest.json" for 127.0.0.1 at 2024-10-07 22:58:36 -0500
Processing by Rails::PwaController#manifest as JSON
  Rendering pwa/manifest.json.erb
  Rendered pwa/manifest.json.erb (Duration: 0.6ms | GC: 0.0ms)
Completed 200 OK in 3ms (Views: 1.9ms | ActiveRecord: 0.0ms (0 queries, 0 cached) | GC: 0.0ms)


Started GET "/articles/1" for 127.0.0.1 at 2024-10-07 22:58:39 -0500
Processing by ArticlesController#show as HTML
  Parameters: {"id"=>"1"}
  [1m[36mArticle Load (0.2ms)[0m  [1m[34mSELECT "articles".* FROM "articles" WHERE "articles"."id" = ? LIMIT ?[0m  [["id", 1], ["LIMIT", 1]]
  ↳ app/controllers/articles_controller.rb:7:in `show'
  Rendering layout layouts/application.html.erb
  Rendering articles/show.html.erb within layouts/application
  Rendered articles/show.html.erb within layouts/application (Duration: 0.3ms | GC: 0.0ms)
  Rendered layout layouts/application.html.erb (Duration: 3.9ms | GC: 0.0ms)
Completed 200 OK in 8ms (Views: 5.4ms | ActiveRecord: 0.2ms (1 query, 0 cached) | GC: 0.0ms)


Started GET "/manifest.json" for 127.0.0.1 at 2024-10-07 22:58:39 -0500
Processing by Rails::PwaController#manifest as JSON
  Rendering pwa/manifest.json.erb
  Rendered pwa/manifest.json.erb (Duration: 0.2ms | GC: 0.0ms)
Completed 200 OK in 1ms (Views: 0.9ms | ActiveRecord: 0.0ms (0 queries, 0 cached) | GC: 0.0ms)


Started GET "/articles/new" for 127.0.0.1 at 2024-10-07 23:10:01 -0500
Processing by ArticlesController#new as HTML
  Rendering layout layouts/application.html.erb
  Rendering articles/new.html.erb within layouts/application
  Rendered articles/new.html.erb within layouts/application (Duration: 7.2ms | GC: 0.1ms)
  Rendered layout layouts/application.html.erb (Duration: 19.3ms | GC: 1.0ms)
Completed 200 OK in 31ms (Views: 20.8ms | ActiveRecord: 0.0ms (0 queries, 0 cached) | GC: 1.5ms)


Started GET "/manifest.json" for 127.0.0.1 at 2024-10-07 23:10:01 -0500
Processing by Rails::PwaController#manifest as JSON
  Rendering pwa/manifest.json.erb
  Rendered pwa/manifest.json.erb (Duration: 1.3ms | GC: 0.0ms)
Completed 200 OK in 11ms (Views: 10.6ms | ActiveRecord: 0.0ms (0 queries, 0 cached) | GC: 0.0ms)


Started GET "/articles" for 127.0.0.1 at 2024-10-07 23:17:33 -0500
Processing by ArticlesController#index as HTML
  Rendering layout layouts/application.html.erb
  Rendering articles/index.html.erb within layouts/application
  [1m[36mArticle Load (1.2ms)[0m  [1m[34mSELECT "articles".* FROM "articles"[0m
  ↳ app/views/articles/index.html.erb:4
  Rendered articles/index.html.erb within layouts/application (Duration: 11.5ms | GC: 0.3ms)
  Rendered layout layouts/application.html.erb (Duration: 25.2ms | GC: 0.8ms)
Completed 200 OK in 33ms (Views: 27.5ms | ActiveRecord: 1.2ms (1 query, 0 cached) | GC: 1.0ms)


Started GET "/manifest.json" for 127.0.0.1 at 2024-10-07 23:17:33 -0500
Processing by Rails::PwaController#manifest as JSON
  Rendering pwa/manifest.json.erb
  Rendered pwa/manifest.json.erb (Duration: 1.6ms | GC: 0.0ms)
Completed 200 OK in 14ms (Views: 13.6ms | ActiveRecord: 0.0ms (0 queries, 0 cached) | GC: 0.2ms)


Started GET "/" for 127.0.0.1 at 2024-10-07 23:17:38 -0500
Processing by ArticlesController#index as HTML
  Rendering layout layouts/application.html.erb
  Rendering articles/index.html.erb within layouts/application
  [1m[36mArticle Load (0.1ms)[0m  [1m[34mSELECT "articles".* FROM "articles"[0m
  ↳ app/views/articles/index.html.erb:4
  Rendered articles/index.html.erb within layouts/application (Duration: 2.3ms | GC: 0.0ms)
  Rendered layout layouts/application.html.erb (Duration: 6.4ms | GC: 0.3ms)
Completed 200 OK in 9ms (Views: 7.1ms | ActiveRecord: 0.1ms (1 query, 0 cached) | GC: 0.5ms)


Started GET "/manifest.json" for 127.0.0.1 at 2024-10-07 23:17:38 -0500
Processing by Rails::PwaController#manifest as JSON
  Rendering pwa/manifest.json.erb
  Rendered pwa/manifest.json.erb (Duration: 0.2ms | GC: 0.0ms)
Completed 200 OK in 1ms (Views: 0.8ms | ActiveRecord: 0.0ms (0 queries, 0 cached) | GC: 0.0ms)


Started GET "/" for 127.0.0.1 at 2024-10-07 23:17:42 -0500
Processing by ArticlesController#index as HTML
  Rendering layout layouts/application.html.erb
  Rendering articles/index.html.erb within layouts/application
  [1m[36mArticle Load (0.1ms)[0m  [1m[34mSELECT "articles".* FROM "articles"[0m
  ↳ app/views/articles/index.html.erb:4
  Rendered articles/index.html.erb within layouts/application (Duration: 2.1ms | GC: 0.0ms)
  Rendered layout layouts/application.html.erb (Duration: 5.4ms | GC: 0.2ms)
Completed 200 OK in 7ms (Views: 6.0ms | ActiveRecord: 0.1ms (1 query, 0 cached) | GC: 0.2ms)


Started GET "/manifest.json" for 127.0.0.1 at 2024-10-07 23:17:42 -0500
Processing by Rails::PwaController#manifest as JSON
  Rendering pwa/manifest.json.erb
  Rendered pwa/manifest.json.erb (Duration: 0.2ms | GC: 0.0ms)
Completed 200 OK in 2ms (Views: 0.8ms | ActiveRecord: 0.0ms (0 queries, 0 cached) | GC: 0.0ms)


Started GET "/articles/new" for 127.0.0.1 at 2024-10-07 23:17:43 -0500
Processing by ArticlesController#new as HTML
  Rendering layout layouts/application.html.erb
  Rendering articles/new.html.erb within layouts/application
  Rendered articles/_form.html.erb (Duration: 2.2ms | GC: 0.2ms)
  Rendered articles/new.html.erb within layouts/application (Duration: 3.3ms | GC: 0.2ms)
  Rendered layout layouts/application.html.erb (Duration: 5.5ms | GC: 0.2ms)
Completed 200 OK in 7ms (Views: 6.1ms | ActiveRecord: 0.0ms (0 queries, 0 cached) | GC: 0.2ms)


Started POST "/articles" for 127.0.0.1 at 2024-10-07 23:18:24 -0500
Processing by ArticlesController#create as TURBO_STREAM
  Parameters: {"authenticity_token"=>"[FILTERED]", "article"=>{"title"=>"Dash sucks in CS", "body"=>"Dash plays CS like a kid"}, "commit"=>"Create Article"}
Completed 500 Internal Server Error in 4ms (ActiveRecord: 0.0ms (0 queries, 0 cached) | GC: 0.2ms)


  
ArgumentError (Unrecognized status code :unprocessable_entry):
  
app/controllers/articles_controller.rb:20:in `create'
Started GET "/" for 127.0.0.1 at 2024-10-07 23:19:37 -0500
Processing by ArticlesController#index as HTML
  Rendering layout layouts/application.html.erb
  Rendering articles/index.html.erb within layouts/application
  [1m[36mArticle Load (1.7ms)[0m  [1m[34mSELECT "articles".* FROM "articles"[0m
  ↳ app/views/articles/index.html.erb:4
  Rendered articles/index.html.erb within layouts/application (Duration: 14.6ms | GC: 0.6ms)
  Rendered layout layouts/application.html.erb (Duration: 32.9ms | GC: 1.8ms)
Completed 200 OK in 39ms (Views: 30.5ms | ActiveRecord: 4.7ms (1 query, 0 cached) | GC: 2.0ms)


Started GET "/" for 127.0.0.1 at 2024-10-07 23:19:37 -0500
Processing by ArticlesController#index as HTML
  Rendering layout layouts/application.html.erb
  Rendering articles/index.html.erb within layouts/application
  [1m[36mArticle Load (0.1ms)[0m  [1m[34mSELECT "articles".* FROM "articles"[0m
  ↳ app/views/articles/index.html.erb:4
  Rendered articles/index.html.erb within layouts/application (Duration: 2.3ms | GC: 0.0ms)
  Rendered layout layouts/application.html.erb (Duration: 7.5ms | GC: 0.1ms)
Completed 200 OK in 9ms (Views: 8.0ms | ActiveRecord: 0.1ms (1 query, 0 cached) | GC: 0.1ms)


Started GET "/manifest.json" for 127.0.0.1 at 2024-10-07 23:19:37 -0500
Processing by Rails::PwaController#manifest as JSON
  Rendering pwa/manifest.json.erb
  Rendered pwa/manifest.json.erb (Duration: 0.7ms | GC: 0.0ms)
Completed 200 OK in 3ms (Views: 2.3ms | ActiveRecord: 0.0ms (0 queries, 0 cached) | GC: 0.1ms)


Started GET "/articles/new" for 127.0.0.1 at 2024-10-07 23:19:38 -0500
Processing by ArticlesController#new as HTML
  Rendering layout layouts/application.html.erb
  Rendering articles/new.html.erb within layouts/application
  Rendered articles/_form.html.erb (Duration: 1.9ms | GC: 0.0ms)
  Rendered articles/new.html.erb within layouts/application (Duration: 2.6ms | GC: 0.0ms)
  Rendered layout layouts/application.html.erb (Duration: 5.0ms | GC: 0.3ms)
Completed 200 OK in 7ms (Views: 5.6ms | ActiveRecord: 0.0ms (0 queries, 0 cached) | GC: 0.5ms)


Started POST "/articles" for 127.0.0.1 at 2024-10-07 23:19:52 -0500
Processing by ArticlesController#create as TURBO_STREAM
  Parameters: {"authenticity_token"=>"[FILTERED]", "article"=>{"title"=>"Hello World Again", "body"=>"Hello World again"}, "commit"=>"Create Article"}
  [1m[36mTRANSACTION (0.1ms)[0m  [1m[36mbegin transaction[0m
  ↳ app/controllers/articles_controller.rb:17:in `create'
  [1m[36mArticle Create (3.0ms)[0m  [1m[32mINSERT INTO "articles" ("title", "body", "created_at", "updated_at") VALUES (?, ?, ?, ?) RETURNING "id"[0m  [["title", "Hello World Again"], ["body", "Hello World again"], ["created_at", "2024-10-08 04:19:52.806623"], ["updated_at", "2024-10-08 04:19:52.806623"]]
  ↳ app/controllers/articles_controller.rb:17:in `create'
  [1m[36mTRANSACTION (7.2ms)[0m  [1m[36mcommit transaction[0m
  ↳ app/controllers/articles_controller.rb:17:in `create'
Redirected to http://127.0.0.1:3000/articles/2
Completed 302 Found in 18ms (ActiveRecord: 10.2ms (1 query, 0 cached) | GC: 0.4ms)


Started GET "/articles/2" for 127.0.0.1 at 2024-10-07 23:19:52 -0500
Processing by ArticlesController#show as TURBO_STREAM
  Parameters: {"id"=>"2"}
  [1m[36mArticle Load (0.2ms)[0m  [1m[34mSELECT "articles".* FROM "articles" WHERE "articles"."id" = ? LIMIT ?[0m  [["id", 2], ["LIMIT", 1]]
  ↳ app/controllers/articles_controller.rb:7:in `show'
  Rendering layout layouts/application.html.erb
  Rendering articles/show.html.erb within layouts/application
  Rendered articles/show.html.erb within layouts/application (Duration: 0.7ms | GC: 0.0ms)
  Rendered layout layouts/application.html.erb (Duration: 2.9ms | GC: 0.1ms)
Completed 200 OK in 7ms (Views: 3.4ms | ActiveRecord: 0.2ms (1 query, 0 cached) | GC: 0.3ms)


Started GET "/articles/2/edit" for 127.0.0.1 at 2024-10-07 23:19:56 -0500
Processing by ArticlesController#edit as HTML
  Parameters: {"id"=>"2"}
  [1m[36mArticle Load (0.1ms)[0m  [1m[34mSELECT "articles".* FROM "articles" WHERE "articles"."id" = ? LIMIT ?[0m  [["id", 2], ["LIMIT", 1]]
  ↳ app/controllers/articles_controller.rb:25:in `edit'
  Rendering layout layouts/application.html.erb
  Rendering articles/edit.html.erb within layouts/application
  Rendered articles/_form.html.erb (Duration: 2.6ms | GC: 0.0ms)
  Rendered articles/edit.html.erb within layouts/application (Duration: 3.5ms | GC: 0.0ms)
  Rendered layout layouts/application.html.erb (Duration: 6.0ms | GC: 0.3ms)
Completed 200 OK in 10ms (Views: 6.5ms | ActiveRecord: 0.1ms (1 query, 0 cached) | GC: 0.4ms)


Started PATCH "/articles/2" for 127.0.0.1 at 2024-10-07 23:20:02 -0500
Processing by ArticlesController#update as TURBO_STREAM
  Parameters: {"authenticity_token"=>"[FILTERED]", "article"=>{"title"=>"Hello World Again", "body"=>"Hello World again!!!!!!!!!!!!!!!!!!!!"}, "commit"=>"Update Article", "id"=>"2"}
  [1m[36mArticle Load (0.1ms)[0m  [1m[34mSELECT "articles".* FROM "articles" WHERE "articles"."id" = ? LIMIT ?[0m  [["id", 2], ["LIMIT", 1]]
  ↳ app/controllers/articles_controller.rb:29:in `update'
  [1m[36mTRANSACTION (0.0ms)[0m  [1m[36mbegin transaction[0m
  ↳ app/controllers/articles_controller.rb:31:in `update'
  [1m[36mArticle Update (1.6ms)[0m  [1m[33mUPDATE "articles" SET "body" = ?, "updated_at" = ? WHERE "articles"."id" = ?[0m  [["body", "Hello World again!!!!!!!!!!!!!!!!!!!!"], ["updated_at", "2024-10-08 04:20:02.749910"], ["id", 2]]
  ↳ app/controllers/articles_controller.rb:31:in `update'
  [1m[36mTRANSACTION (0.3ms)[0m  [1m[36mcommit transaction[0m
  ↳ app/controllers/articles_controller.rb:31:in `update'
Redirected to http://127.0.0.1:3000/articles/2
Completed 302 Found in 9ms (ActiveRecord: 2.0ms (2 queries, 0 cached) | GC: 0.6ms)


Started GET "/articles/2" for 127.0.0.1 at 2024-10-07 23:20:02 -0500
Processing by ArticlesController#show as TURBO_STREAM
  Parameters: {"id"=>"2"}
  [1m[36mArticle Load (0.1ms)[0m  [1m[34mSELECT "articles".* FROM "articles" WHERE "articles"."id" = ? LIMIT ?[0m  [["id", 2], ["LIMIT", 1]]
  ↳ app/controllers/articles_controller.rb:7:in `show'
  Rendering layout layouts/application.html.erb
  Rendering articles/show.html.erb within layouts/application
  Rendered articles/show.html.erb within layouts/application (Duration: 0.5ms | GC: 0.0ms)
  Rendered layout layouts/application.html.erb (Duration: 2.9ms | GC: 0.2ms)
Completed 200 OK in 6ms (Views: 3.6ms | ActiveRecord: 0.1ms (1 query, 0 cached) | GC: 0.2ms)


Started GET "/articles/2/edit" for 127.0.0.1 at 2024-10-07 23:20:04 -0500
Processing by ArticlesController#edit as HTML
  Parameters: {"id"=>"2"}
  [1m[36mArticle Load (0.2ms)[0m  [1m[34mSELECT "articles".* FROM "articles" WHERE "articles"."id" = ? LIMIT ?[0m  [["id", 2], ["LIMIT", 1]]
  ↳ app/controllers/articles_controller.rb:25:in `edit'
  Rendering layout layouts/application.html.erb
  Rendering articles/edit.html.erb within layouts/application
  Rendered articles/_form.html.erb (Duration: 1.6ms | GC: 0.0ms)
  Rendered articles/edit.html.erb within layouts/application (Duration: 2.2ms | GC: 0.0ms)
  Rendered layout layouts/application.html.erb (Duration: 4.6ms | GC: 0.2ms)
Completed 200 OK in 9ms (Views: 5.6ms | ActiveRecord: 0.2ms (1 query, 0 cached) | GC: 0.4ms)


Started GET "/articles" for 127.0.0.1 at 2024-10-07 23:20:07 -0500
Processing by ArticlesController#index as HTML
  Rendering layout layouts/application.html.erb
  Rendering articles/index.html.erb within layouts/application
  [1m[36mArticle Load (0.3ms)[0m  [1m[34mSELECT "articles".* FROM "articles"[0m
  ↳ app/views/articles/index.html.erb:4
  Rendered articles/index.html.erb within layouts/application (Duration: 3.8ms | GC: 0.2ms)
  Rendered layout layouts/application.html.erb (Duration: 7.9ms | GC: 0.2ms)
Completed 200 OK in 10ms (Views: 9.1ms | ActiveRecord: 0.2ms (1 query, 0 cached) | GC: 0.2ms)


Started GET "/manifest.json" for 127.0.0.1 at 2024-10-07 23:20:08 -0500
Processing by Rails::PwaController#manifest as JSON
  Rendering pwa/manifest.json.erb
  Rendered pwa/manifest.json.erb (Duration: 0.3ms | GC: 0.0ms)
Completed 200 OK in 1ms (Views: 0.8ms | ActiveRecord: 0.0ms (0 queries, 0 cached) | GC: 0.0ms)


Started GET "/" for 127.0.0.1 at 2024-10-07 23:20:11 -0500
Processing by ArticlesController#index as HTML
  Rendering layout layouts/application.html.erb
  Rendering articles/index.html.erb within layouts/application
  [1m[36mArticle Load (0.2ms)[0m  [1m[34mSELECT "articles".* FROM "articles"[0m
  ↳ app/views/articles/index.html.erb:4
  Rendered articles/index.html.erb within layouts/application (Duration: 4.4ms | GC: 0.0ms)
  Rendered layout layouts/application.html.erb (Duration: 9.5ms | GC: 0.0ms)
Completed 200 OK in 12ms (Views: 10.3ms | ActiveRecord: 0.2ms (1 query, 0 cached) | GC: 0.3ms)


Started GET "/manifest.json" for 127.0.0.1 at 2024-10-07 23:20:11 -0500
Processing by Rails::PwaController#manifest as JSON
  Rendering pwa/manifest.json.erb
  Rendered pwa/manifest.json.erb (Duration: 0.4ms | GC: 0.0ms)
Completed 200 OK in 1ms (Views: 0.9ms | ActiveRecord: 0.0ms (0 queries, 0 cached) | GC: 0.0ms)


Started GET "/" for 127.0.0.1 at 2024-10-07 23:20:16 -0500
Processing by ArticlesController#index as HTML
  Rendering layout layouts/application.html.erb
  Rendering articles/index.html.erb within layouts/application
  [1m[36mArticle Load (0.1ms)[0m  [1m[34mSELECT "articles".* FROM "articles"[0m
  ↳ app/views/articles/index.html.erb:4
  Rendered articles/index.html.erb within layouts/application (Duration: 1.6ms | GC: 0.0ms)
  Rendered layout layouts/application.html.erb (Duration: 3.7ms | GC: 0.1ms)
Completed 200 OK in 6ms (Views: 4.1ms | ActiveRecord: 0.1ms (1 query, 0 cached) | GC: 0.7ms)


Started GET "/manifest.json" for 127.0.0.1 at 2024-10-07 23:20:16 -0500
Processing by Rails::PwaController#manifest as JSON
  Rendering pwa/manifest.json.erb
  Rendered pwa/manifest.json.erb (Duration: 0.4ms | GC: 0.0ms)
Completed 200 OK in 2ms (Views: 1.0ms | ActiveRecord: 0.0ms (0 queries, 0 cached) | GC: 0.0ms)


Started GET "/" for 127.0.0.1 at 2024-10-07 23:23:36 -0500
Processing by ArticlesController#index as HTML
  Rendering layout layouts/application.html.erb
  Rendering articles/index.html.erb within layouts/application
  [1m[36mArticle Load (2.4ms)[0m  [1m[34mSELECT "articles".* FROM "articles"[0m
  ↳ app/views/articles/index.html.erb:4
  Rendered articles/index.html.erb within layouts/application (Duration: 9.1ms | GC: 0.4ms)
  Rendered layout layouts/application.html.erb (Duration: 29.2ms | GC: 1.3ms)
Completed 200 OK in 37ms (Views: 28.8ms | ActiveRecord: 2.7ms (1 query, 0 cached) | GC: 1.5ms)


Started GET "/manifest.json" for 127.0.0.1 at 2024-10-07 23:23:36 -0500
  
ActionController::RoutingError (No route matches [GET] "/manifest.json"):
  
Started GET "/" for 127.0.0.1 at 2024-10-07 23:23:37 -0500
Processing by ArticlesController#index as HTML
  Rendering layout layouts/application.html.erb
  Rendering articles/index.html.erb within layouts/application
  [1m[36mArticle Load (0.1ms)[0m  [1m[34mSELECT "articles".* FROM "articles"[0m
  ↳ app/views/articles/index.html.erb:4
  Rendered articles/index.html.erb within layouts/application (Duration: 2.5ms | GC: 0.0ms)
  Rendered layout layouts/application.html.erb (Duration: 5.5ms | GC: 0.2ms)
Completed 200 OK in 8ms (Views: 6.4ms | ActiveRecord: 0.1ms (1 query, 0 cached) | GC: 0.5ms)


Started GET "/manifest.json" for 127.0.0.1 at 2024-10-07 23:23:37 -0500
  
ActionController::RoutingError (No route matches [GET] "/manifest.json"):
  
Started GET "/" for 127.0.0.1 at 2024-10-07 23:23:53 -0500
  [1m[36mActiveRecord::SchemaMigration Load (0.2ms)[0m  [1m[34mSELECT "schema_migrations"."version" FROM "schema_migrations" ORDER BY "schema_migrations"."version" ASC[0m
Processing by ArticlesController#index as HTML
  Rendering layout layouts/application.html.erb
  Rendering articles/index.html.erb within layouts/application
  [1m[36mArticle Load (0.6ms)[0m  [1m[34mSELECT "articles".* FROM "articles"[0m
  ↳ app/views/articles/index.html.erb:4
  Rendered articles/index.html.erb within layouts/application (Duration: 8.6ms | GC: 0.6ms)
  Rendered layout layouts/application.html.erb (Duration: 148.2ms | GC: 57.7ms)
Completed 200 OK in 211ms (Views: 152.3ms | ActiveRecord: 1.1ms (1 query, 0 cached) | GC: 70.3ms)


Started GET "/manifest.json" for 127.0.0.1 at 2024-10-07 23:23:53 -0500
  
ActionController::RoutingError (No route matches [GET] "/manifest.json"):
  
Started GET "/articles/new" for 127.0.0.1 at 2024-10-07 23:23:56 -0500
Processing by ArticlesController#new as HTML
  Rendering layout layouts/application.html.erb
  Rendering articles/new.html.erb within layouts/application
  Rendered articles/_form.html.erb (Duration: 5.7ms | GC: 0.0ms)
  Rendered articles/new.html.erb within layouts/application (Duration: 7.9ms | GC: 0.0ms)
  Rendered layout layouts/application.html.erb (Duration: 9.8ms | GC: 0.0ms)
Completed 200 OK in 12ms (Views: 10.4ms | ActiveRecord: 0.0ms (0 queries, 0 cached) | GC: 0.0ms)


Started POST "/articles" for 127.0.0.1 at 2024-10-07 23:24:04 -0500
Processing by ArticlesController#create as TURBO_STREAM
  Parameters: {"authenticity_token"=>"[FILTERED]", "article"=>{"title"=>"Hello ", "body"=>"World"}, "commit"=>"Create Article"}
  Rendering layout layouts/application.html.erb
  Rendering articles/new.html.erb within layouts/application
  Rendered articles/_form.html.erb (Duration: 1.9ms | GC: 0.0ms)
  Rendered articles/new.html.erb within layouts/application (Duration: 2.2ms | GC: 0.0ms)
  Rendered layout layouts/application.html.erb (Duration: 4.2ms | GC: 0.0ms)
Completed 422 Unprocessable Content in 7ms (Views: 4.8ms | ActiveRecord: 0.0ms (0 queries, 0 cached) | GC: 0.0ms)


Started POST "/articles" for 127.0.0.1 at 2024-10-07 23:24:14 -0500
Processing by ArticlesController#create as TURBO_STREAM
  Parameters: {"authenticity_token"=>"[FILTERED]", "article"=>{"title"=>"Hello ", "body"=>"World Again Again"}, "commit"=>"Create Article"}
  [1m[36mTRANSACTION (0.2ms)[0m  [1m[36mbegin transaction[0m
  ↳ app/controllers/articles_controller.rb:17:in `create'
  [1m[36mArticle Create (3.6ms)[0m  [1m[32mINSERT INTO "articles" ("title", "body", "created_at", "updated_at") VALUES (?, ?, ?, ?) RETURNING "id"[0m  [["title", "Hello "], ["body", "World Again Again"], ["created_at", "2024-10-08 04:24:14.307362"], ["updated_at", "2024-10-08 04:24:14.307362"]]
  ↳ app/controllers/articles_controller.rb:17:in `create'
  [1m[36mTRANSACTION (0.3ms)[0m  [1m[36mcommit transaction[0m
  ↳ app/controllers/articles_controller.rb:17:in `create'
Redirected to http://127.0.0.1:3000/articles/3
Completed 302 Found in 11ms (ActiveRecord: 4.0ms (1 query, 0 cached) | GC: 0.0ms)


Started GET "/articles/3" for 127.0.0.1 at 2024-10-07 23:24:14 -0500
Processing by ArticlesController#show as TURBO_STREAM
  Parameters: {"id"=>"3"}
  [1m[36mArticle Load (0.3ms)[0m  [1m[34mSELECT "articles".* FROM "articles" WHERE "articles"."id" = ? LIMIT ?[0m  [["id", 3], ["LIMIT", 1]]
  ↳ app/controllers/articles_controller.rb:7:in `show'
  Rendering layout layouts/application.html.erb
  Rendering articles/show.html.erb within layouts/application
  Rendered articles/show.html.erb within layouts/application (Duration: 0.8ms | GC: 0.0ms)
  Rendered layout layouts/application.html.erb (Duration: 3.9ms | GC: 0.0ms)
Completed 200 OK in 11ms (Views: 5.1ms | ActiveRecord: 0.2ms (1 query, 0 cached) | GC: 0.0ms)


Started GET "/articles/3/edit" for 127.0.0.1 at 2024-10-07 23:24:16 -0500
Processing by ArticlesController#edit as HTML
  Parameters: {"id"=>"3"}
  [1m[36mArticle Load (0.2ms)[0m  [1m[34mSELECT "articles".* FROM "articles" WHERE "articles"."id" = ? LIMIT ?[0m  [["id", 3], ["LIMIT", 1]]
  ↳ app/controllers/articles_controller.rb:25:in `edit'
  Rendering layout layouts/application.html.erb
  Rendering articles/edit.html.erb within layouts/application
  Rendered articles/_form.html.erb (Duration: 2.2ms | GC: 0.0ms)
  Rendered articles/edit.html.erb within layouts/application (Duration: 3.2ms | GC: 0.0ms)
  Rendered layout layouts/application.html.erb (Duration: 5.4ms | GC: 0.0ms)
Completed 200 OK in 10ms (Views: 6.2ms | ActiveRecord: 0.1ms (1 query, 0 cached) | GC: 0.0ms)


Started GET "/articles" for 127.0.0.1 at 2024-10-07 23:24:20 -0500
Processing by ArticlesController#index as HTML
  Rendering layout layouts/application.html.erb
  Rendering articles/index.html.erb within layouts/application
  [1m[36mArticle Load (0.1ms)[0m  [1m[34mSELECT "articles".* FROM "articles"[0m
  ↳ app/views/articles/index.html.erb:4
  Rendered articles/index.html.erb within layouts/application (Duration: 4.0ms | GC: 0.0ms)
  Rendered layout layouts/application.html.erb (Duration: 8.6ms | GC: 0.0ms)
Completed 200 OK in 11ms (Views: 9.3ms | ActiveRecord: 0.1ms (1 query, 0 cached) | GC: 0.0ms)


Started GET "/manifest.json" for 127.0.0.1 at 2024-10-07 23:24:21 -0500
  
ActionController::RoutingError (No route matches [GET] "/manifest.json"):
  
Started GET "/articles" for 127.0.0.1 at 2024-10-07 23:28:02 -0500
Processing by ArticlesController#index as HTML
  Rendering layout layouts/application.html.erb
  Rendering articles/index.html.erb within layouts/application
  [1m[36mArticle Load (2.2ms)[0m  [1m[34mSELECT "articles".* FROM "articles"[0m
  ↳ app/views/articles/index.html.erb:4
  Rendered articles/index.html.erb within layouts/application (Duration: 10.2ms | GC: 0.2ms)
  Rendered layout layouts/application.html.erb (Duration: 32.5ms | GC: 1.3ms)
Completed 200 OK in 39ms (Views: 31.8ms | ActiveRecord: 2.9ms (1 query, 0 cached) | GC: 1.5ms)


Started GET "/manifest.json" for 127.0.0.1 at 2024-10-07 23:28:02 -0500
  
ActionController::RoutingError (No route matches [GET] "/manifest.json"):
  
Started GET "/articles/1" for 127.0.0.1 at 2024-10-07 23:28:12 -0500
Processing by ArticlesController#show as HTML
  Parameters: {"id"=>"1"}
  [1m[36mArticle Load (0.1ms)[0m  [1m[34mSELECT "articles".* FROM "articles" WHERE "articles"."id" = ? LIMIT ?[0m  [["id", 1], ["LIMIT", 1]]
  ↳ app/controllers/articles_controller.rb:7:in `show'
  Rendering layout layouts/application.html.erb
  Rendering articles/show.html.erb within layouts/application
  Rendered articles/show.html.erb within layouts/application (Duration: 0.9ms | GC: 0.0ms)
  Rendered layout layouts/application.html.erb (Duration: 9.8ms | GC: 0.7ms)
Completed 200 OK in 22ms (Views: 11.9ms | ActiveRecord: 0.9ms (1 query, 0 cached) | GC: 0.8ms)


Started GET "/articles/1/edit" for 127.0.0.1 at 2024-10-07 23:28:14 -0500
Processing by ArticlesController#edit as HTML
  Parameters: {"id"=>"1"}
  [1m[36mArticle Load (0.1ms)[0m  [1m[34mSELECT "articles".* FROM "articles" WHERE "articles"."id" = ? LIMIT ?[0m  [["id", 1], ["LIMIT", 1]]
  ↳ app/controllers/articles_controller.rb:25:in `edit'
  Rendering layout layouts/application.html.erb
  Rendering articles/edit.html.erb within layouts/application
  Rendered articles/_form.html.erb (Duration: 2.9ms | GC: 0.1ms)
  Rendered articles/edit.html.erb within layouts/application (Duration: 4.5ms | GC: 0.1ms)
  Rendered layout layouts/application.html.erb (Duration: 6.3ms | GC: 0.1ms)
Completed 200 OK in 10ms (Views: 6.8ms | ActiveRecord: 0.1ms (1 query, 0 cached) | GC: 0.2ms)


Started PATCH "/articles/1" for 127.0.0.1 at 2024-10-07 23:28:19 -0500
Processing by ArticlesController#update as TURBO_STREAM
  Parameters: {"authenticity_token"=>"[FILTERED]", "article"=>{"title"=>"Hello Rails", "body"=>"I am on Rails!!!!!!!!!!!!!!!!!"}, "commit"=>"Update Article", "id"=>"1"}
  [1m[36mArticle Load (0.1ms)[0m  [1m[34mSELECT "articles".* FROM "articles" WHERE "articles"."id" = ? LIMIT ?[0m  [["id", 1], ["LIMIT", 1]]
  ↳ app/controllers/articles_controller.rb:29:in `update'
  [1m[36mTRANSACTION (0.1ms)[0m  [1m[36mbegin transaction[0m
  ↳ app/controllers/articles_controller.rb:31:in `update'
  [1m[36mArticle Update (1.5ms)[0m  [1m[33mUPDATE "articles" SET "body" = ?, "updated_at" = ? WHERE "articles"."id" = ?[0m  [["body", "I am on Rails!!!!!!!!!!!!!!!!!"], ["updated_at", "2024-10-08 04:28:19.300671"], ["id", 1]]
  ↳ app/controllers/articles_controller.rb:31:in `update'
  [1m[36mTRANSACTION (0.9ms)[0m  [1m[36mcommit transaction[0m
  ↳ app/controllers/articles_controller.rb:31:in `update'
Redirected to http://127.0.0.1:3000/articles/1
Completed 302 Found in 9ms (ActiveRecord: 2.6ms (2 queries, 0 cached) | GC: 0.2ms)


Started GET "/articles/1" for 127.0.0.1 at 2024-10-07 23:28:19 -0500
Processing by ArticlesController#show as TURBO_STREAM
  Parameters: {"id"=>"1"}
  [1m[36mArticle Load (0.1ms)[0m  [1m[34mSELECT "articles".* FROM "articles" WHERE "articles"."id" = ? LIMIT ?[0m  [["id", 1], ["LIMIT", 1]]
  ↳ app/controllers/articles_controller.rb:7:in `show'
  Rendering layout layouts/application.html.erb
  Rendering articles/show.html.erb within layouts/application
  Rendered articles/show.html.erb within layouts/application (Duration: 0.3ms | GC: 0.0ms)
  Rendered layout layouts/application.html.erb (Duration: 2.1ms | GC: 0.0ms)
Completed 200 OK in 4ms (Views: 2.5ms | ActiveRecord: 0.1ms (1 query, 0 cached) | GC: 0.2ms)


Started GET "/articles/1/edit" for 127.0.0.1 at 2024-10-07 23:28:20 -0500
Processing by ArticlesController#edit as HTML
  Parameters: {"id"=>"1"}
  [1m[36mArticle Load (0.1ms)[0m  [1m[34mSELECT "articles".* FROM "articles" WHERE "articles"."id" = ? LIMIT ?[0m  [["id", 1], ["LIMIT", 1]]
  ↳ app/controllers/articles_controller.rb:25:in `edit'
  Rendering layout layouts/application.html.erb
  Rendering articles/edit.html.erb within layouts/application
  Rendered articles/_form.html.erb (Duration: 1.8ms | GC: 0.2ms)
  Rendered articles/edit.html.erb within layouts/application (Duration: 2.2ms | GC: 0.2ms)
  Rendered layout layouts/application.html.erb (Duration: 4.3ms | GC: 0.2ms)
Completed 200 OK in 7ms (Views: 5.0ms | ActiveRecord: 0.1ms (1 query, 0 cached) | GC: 0.2ms)


Started GET "/articles" for 127.0.0.1 at 2024-10-07 23:28:25 -0500
Processing by ArticlesController#index as HTML
  Rendering layout layouts/application.html.erb
  Rendering articles/index.html.erb within layouts/application
  [1m[36mArticle Load (0.3ms)[0m  [1m[34mSELECT "articles".* FROM "articles"[0m
  ↳ app/views/articles/index.html.erb:4
  Rendered articles/index.html.erb within layouts/application (Duration: 4.9ms | GC: 0.0ms)
  Rendered layout layouts/application.html.erb (Duration: 9.5ms | GC: 0.3ms)
Completed 200 OK in 13ms (Views: 11.3ms | ActiveRecord: 0.3ms (1 query, 0 cached) | GC: 0.3ms)


Started GET "/manifest.json" for 127.0.0.1 at 2024-10-07 23:28:26 -0500
  
ActionController::RoutingError (No route matches [GET] "/manifest.json"):
  
Started GET "/articles/3" for 127.0.0.1 at 2024-10-07 23:28:27 -0500
Processing by ArticlesController#show as HTML
  Parameters: {"id"=>"3"}
  [1m[36mArticle Load (0.1ms)[0m  [1m[34mSELECT "articles".* FROM "articles" WHERE "articles"."id" = ? LIMIT ?[0m  [["id", 3], ["LIMIT", 1]]
  ↳ app/controllers/articles_controller.rb:7:in `show'
  Rendering layout layouts/application.html.erb
  Rendering articles/show.html.erb within layouts/application
  Rendered articles/show.html.erb within layouts/application (Duration: 0.5ms | GC: 0.0ms)
  Rendered layout layouts/application.html.erb (Duration: 2.8ms | GC: 0.1ms)
Completed 200 OK in 5ms (Views: 3.3ms | ActiveRecord: 0.1ms (1 query, 0 cached) | GC: 0.1ms)


Started GET "/articles/3/edit" for 127.0.0.1 at 2024-10-07 23:28:28 -0500
Processing by ArticlesController#edit as HTML
  Parameters: {"id"=>"3"}
  [1m[36mArticle Load (0.1ms)[0m  [1m[34mSELECT "articles".* FROM "articles" WHERE "articles"."id" = ? LIMIT ?[0m  [["id", 3], ["LIMIT", 1]]
  ↳ app/controllers/articles_controller.rb:25:in `edit'
  Rendering layout layouts/application.html.erb
  Rendering articles/edit.html.erb within layouts/application
  Rendered articles/_form.html.erb (Duration: 1.7ms | GC: 0.0ms)
  Rendered articles/edit.html.erb within layouts/application (Duration: 2.2ms | GC: 0.0ms)
  Rendered layout layouts/application.html.erb (Duration: 4.1ms | GC: 0.1ms)
Completed 200 OK in 7ms (Views: 4.6ms | ActiveRecord: 0.1ms (1 query, 0 cached) | GC: 0.3ms)


Started DELETE "/articles/3?_method=delete" for 127.0.0.1 at 2024-10-07 23:28:32 -0500
Processing by ArticlesController#destroy as TURBO_STREAM
  Parameters: {"id"=>"3"}
  [1m[36mArticle Load (0.1ms)[0m  [1m[34mSELECT "articles".* FROM "articles" WHERE "articles"."id" = ? LIMIT ?[0m  [["id", 3], ["LIMIT", 1]]
  ↳ app/controllers/articles_controller.rb:39:in `destroy'
  [1m[36mTRANSACTION (0.1ms)[0m  [1m[36mbegin transaction[0m
  ↳ app/controllers/articles_controller.rb:40:in `destroy'
  [1m[36mArticle Destroy (1.9ms)[0m  [1m[31mDELETE FROM "articles" WHERE "articles"."id" = ?[0m  [["id", 3]]
  ↳ app/controllers/articles_controller.rb:40:in `destroy'
  [1m[36mTRANSACTION (0.1ms)[0m  [1m[36mcommit transaction[0m
  ↳ app/controllers/articles_controller.rb:40:in `destroy'
Redirected to http://127.0.0.1:3000/
Completed 303 See Other in 8ms (ActiveRecord: 2.2ms (2 queries, 0 cached) | GC: 0.2ms)


Started GET "/" for 127.0.0.1 at 2024-10-07 23:28:32 -0500
Processing by ArticlesController#index as TURBO_STREAM
  Rendering layout layouts/application.html.erb
  Rendering articles/index.html.erb within layouts/application
  [1m[36mArticle Load (0.1ms)[0m  [1m[34mSELECT "articles".* FROM "articles"[0m
  ↳ app/views/articles/index.html.erb:4
  Rendered articles/index.html.erb within layouts/application (Duration: 1.7ms | GC: 0.0ms)
  Rendered layout layouts/application.html.erb (Duration: 3.7ms | GC: 0.1ms)
Completed 200 OK in 5ms (Views: 4.1ms | ActiveRecord: 0.1ms (1 query, 0 cached) | GC: 0.2ms)


